<?xml version="1.0" encoding="UTF-8"?>
<!-- Generated by org.testng.reporters.JUnitXMLReporter -->
<testsuite hostname="vmt10295" ignored="2" name="Default test" tests="2" failures="1" timestamp="2021-03-22T08:24:32 IST" time="17.363" errors="0">
  <testcase name="verifyMobilePurchaseAssertions" time="4.066" classname="com.valuemomentum.retail.automationtests.SmokeTest">
    <failure type="java.lang.AssertionError" message="expected [PS4 1TB Slim Bundled with Spider-Man, GTaSport, Ratchet &amp;amp; Clank And PSN 3Month] but found [null]">
      <![CDATA[java.lang.AssertionError: expected [PS4 1TB Slim Bundled with Spider-Man, GTaSport, Ratchet & Clank And PSN 3Month] but found [null]
at org.testng.Assert.fail(Assert.java:99)
at org.testng.Assert.failNotEquals(Assert.java:1037)
at org.testng.Assert.assertEqualsImpl(Assert.java:140)
at org.testng.Assert.assertEquals(Assert.java:122)
at org.testng.Assert.assertEquals(Assert.java:629)
at org.testng.Assert.assertEquals(Assert.java:639)
at com.valuemomentum.retail.automationtests.SmokeTest.verifyMobilePurchaseAssertions(SmokeTest.java:64)
at sun.reflect.NativeMethodAccessorImpl.invoke0(Native Method)
at sun.reflect.NativeMethodAccessorImpl.invoke(NativeMethodAccessorImpl.java:62)
at sun.reflect.DelegatingMethodAccessorImpl.invoke(DelegatingMethodAccessorImpl.java:43)
at java.lang.reflect.Method.invoke(Method.java:498)
at org.testng.internal.MethodInvocationHelper.invokeMethod(MethodInvocationHelper.java:132)
at org.testng.internal.TestInvoker.invokeMethod(TestInvoker.java:599)
at org.testng.internal.TestInvoker.invokeTestMethod(TestInvoker.java:174)
at org.testng.internal.MethodRunner.runInSequence(MethodRunner.java:46)
at org.testng.internal.TestInvoker$MethodInvocationAgent.invoke(TestInvoker.java:822)
at org.testng.internal.TestInvoker.invokeTestMethods(TestInvoker.java:147)
at org.testng.internal.TestMethodWorker.invokeTestMethods(TestMethodWorker.java:146)
at org.testng.internal.TestMethodWorker.run(TestMethodWorker.java:128)
at java.util.ArrayList.forEach(ArrayList.java:1259)
at org.testng.TestRunner.privateRun(TestRunner.java:764)
at org.testng.TestRunner.run(TestRunner.java:585)
at org.testng.SuiteRunner.runTest(SuiteRunner.java:384)
at org.testng.SuiteRunner.runSequentially(SuiteRunner.java:378)
at org.testng.SuiteRunner.privateRun(SuiteRunner.java:337)
at org.testng.SuiteRunner.run(SuiteRunner.java:286)
at org.testng.SuiteRunnerWorker.runSuite(SuiteRunnerWorker.java:53)
at org.testng.SuiteRunnerWorker.run(SuiteRunnerWorker.java:96)
at org.testng.TestNG.runSuitesSequentially(TestNG.java:1218)
at org.testng.TestNG.runSuitesLocally(TestNG.java:1140)
at org.testng.TestNG.runSuites(TestNG.java:1069)
at org.testng.TestNG.run(TestNG.java:1037)
at org.testng.remote.AbstractRemoteTestNG.run(AbstractRemoteTestNG.java:115)
at org.testng.remote.RemoteTestNG.initAndRun(RemoteTestNG.java:251)
at org.testng.remote.RemoteTestNG.main(RemoteTestNG.java:77)
]]>
    </failure>
  </testcase> <!-- verifyMobilePurchaseAssertions -->
  <testcase name="UnderstandingAssertions" time="0.005" classname="com.valuemomentum.retail.automationtests.SmokeTest"/>
  <testcase name="verifyMobilePurchase" time="0.0" classname="com.valuemomentum.retail.automationtests.SmokeTest">
    <ignored/>
  </testcase> <!-- verifyMobilePurchase -->
  <testcase name="verifyMobilePurchase1" time="0.0" classname="com.valuemomentum.retail.automationtests.SmokeTest">
    <ignored/>
  </testcase> <!-- verifyMobilePurchase1 -->
</testsuite> <!-- Default test -->
